<?xml version="1.0" encoding="UTF-8"?>
<!-- Generated by org.testng.reporters.JUnitReportReporter -->
<testsuite hostname="LAPTOP-LMD2MKNK" failures="0" tests="1" name="automation_test.CustomerPageTest" time="13.145" errors="0" timestamp="2023-10-09T18:20:07 EDT" skipped="0">
  <testcase classname="automation_test.CustomerPageTest" name="addingNewCustomer" time="13.145"/>
</testsuite> <!-- automation_test.CustomerPageTest -->
