<?xml version="1.0" encoding="UTF-8"?>
<!-- Generated by org.testng.reporters.JUnitReportReporter -->
<testsuite hostname="LAPTOP-LMD2MKNK" failures="0" tests="2" name="automation_test.SearchCustomerTest" time="13.280" errors="0" timestamp="2023-10-09T18:20:07 EDT" skipped="0">
  <testcase classname="automation_test.SearchCustomerTest" name="searchByEmail" time="6.931"/>
  <testcase classname="automation_test.SearchCustomerTest" name="searchByname" time="6.349"/>
</testsuite> <!-- automation_test.SearchCustomerTest -->
