<?xml version="1.0" encoding="UTF-8"?>
<!-- Generated by org.testng.reporters.JUnitReportReporter -->
<testsuite hostname="LAPTOP-LMD2MKNK" failures="0" tests="2" name="automation_test.LoginTest" time="18.712" errors="0" timestamp="2023-10-18T10:09:57 EDT" skipped="0">
  <testcase classname="automation_test.LoginTest" name="validloginTest" time="13.710"/>
  <testcase classname="automation_test.LoginTest" name="invalidloginTest" time="5.002"/>
</testsuite> <!-- automation_test.LoginTest -->
