<?xml version="1.0" encoding="UTF-8"?>
<!-- Generated by org.testng.reporters.JUnitReportReporter -->
<testsuite hostname="LAPTOP-LMD2MKNK" failures="0" tests="1" name="extentReport.ExtentReportClass" time="12.103" errors="0" timestamp="2023-10-08T12:20:15 EDT" skipped="0">
  <testcase classname="extentReport.ExtentReportClass" name="attachScreenshot" time="12.103"/>
</testsuite> <!-- extentReport.ExtentReportClass -->
