<?xml version="1.0" encoding="UTF-8"?>
<!-- Generated by org.testng.reporters.JUnitReportReporter -->
<testsuite hostname="LAPTOP-LMD2MKNK" failures="0" tests="1" name="extentReport.ExtentReportClass2" time="2.373" errors="0" timestamp="2023-10-08T12:45:53 EDT" skipped="0">
  <testcase classname="extentReport.ExtentReportClass2" name="attachScreenshot" time="2.373"/>
</testsuite> <!-- extentReport.ExtentReportClass2 -->
