<?xml version="1.0" encoding="UTF-8"?>
<!-- Generated by org.testng.reporters.JUnitReportReporter -->
<testsuite hostname="LAPTOP-LMD2MKNK" failures="0" tests="2" name="automation_test.LoginTest" time="7.621" errors="0" timestamp="2023-10-07T17:17:21 EDT" skipped="0">
  <testcase classname="automation_test.LoginTest" name="validloginTest" time="5.260"/>
  <testcase classname="automation_test.LoginTest" name="invalidloginTest" time="2.361"/>
</testsuite> <!-- automation_test.LoginTest -->
