<?xml version="1.0" encoding="UTF-8"?>
<!-- Generated by org.testng.reporters.JUnitReportReporter -->
<testsuite hostname="LAPTOP-LMD2MKNK" failures="0" tests="2" name="automation_test.SearchCustomerTest" time="10.131" errors="0" timestamp="2023-10-07T17:17:21 EDT" skipped="0">
  <testcase classname="automation_test.SearchCustomerTest" name="searchByEmail" time="4.936"/>
  <testcase classname="automation_test.SearchCustomerTest" name="searchByname" time="5.195"/>
</testsuite> <!-- automation_test.SearchCustomerTest -->
