<?xml version="1.0" encoding="UTF-8"?>
<!-- Generated by org.testng.reporters.JUnitReportReporter -->
<testsuite hostname="LAPTOP-LMD2MKNK" failures="0" tests="1" name="automation_test.CustomerPageTest" time="10.983" errors="0" timestamp="2023-10-07T17:17:21 EDT" skipped="0">
  <testcase classname="automation_test.CustomerPageTest" name="addingNewCustomer" time="10.983"/>
</testsuite> <!-- automation_test.CustomerPageTest -->
